[2015-10-28 12:53:08] START
[2015-11-09 11:03:16] EDIT Longboxes/controllers/default.py: -7
[2015-11-09 11:05:33] EDIT Longboxes/views/layout.html: -102
[2015-11-09 11:07:46] EDIT Longboxes/views/layout.html: 1
[2015-11-09 11:11:59] EDIT Longboxes/controllers/default.py: 1
[2015-11-09 11:19:33] EDIT Longboxes/views/default/index.html: -21
[2015-11-09 12:42:10] EDIT Longboxes/views/default/index.html: -1
[2015-11-09 12:45:51] EDIT Longboxes/views/default/index.html: 1
[2015-11-09 12:46:40] EDIT Longboxes/controllers/default.py: -1
[2015-11-09 12:46:47] EDIT Longboxes/views/default/index.html: 0
[2015-11-09 12:47:50] EDIT Longboxes/views/default/index.html: 2
[2015-11-09 12:48:39] DELETE Longboxes/static/css/bootstrap-theme.min.css: -5
[2015-11-09 12:48:44] DELETE Longboxes/static/css/bootstrap.min.css: -5
[2015-11-09 12:48:51] DELETE Longboxes/static/css/calendar.css: -5
[2015-11-09 12:48:58] DELETE Longboxes/static/css/web2py-bootstrap3.css: -309
[2015-11-09 12:49:03] DELETE Longboxes/static/css/web2py.css: -259
[2015-11-09 12:49:27] CREATE css/style.css: 0
[2015-11-09 12:52:18] EDIT Longboxes/static/css/style.css: 5
[2015-11-09 12:57:55] EDIT Longboxes/static/css/style.css: 16
[2015-11-09 12:58:15] EDIT Longboxes/static/css/style.css: 0
[2015-11-09 12:58:17] EDIT Longboxes/views/default/index.html: 0
[2015-11-09 12:58:36] EDIT Longboxes/views/default/index.html: 1
[2015-11-09 12:59:18] EDIT Longboxes/views/default/index.html: 0
[2015-11-09 12:59:44] EDIT Longboxes/static/css/style.css: 0
[2015-11-09 13:00:09] EDIT Longboxes/static/css/style.css: 0
[2015-11-09 13:00:27] EDIT Longboxes/static/css/style.css: -1
[2015-11-09 13:01:14] EDIT Longboxes/static/css/style.css: 2
[2015-11-09 13:01:25] EDIT Longboxes/static/css/style.css: 1
[2015-11-09 13:01:43] EDIT Longboxes/static/css/style.css: 1
[2015-11-09 13:05:47] EDIT Longboxes/static/css/style.css: -1
[2015-11-09 13:07:00] EDIT Longboxes/views/default/index.html: 0
[2015-11-09 13:07:08] EDIT Longboxes/static/css/style.css: 0
[2015-11-09 13:08:01] EDIT Longboxes/static/css/style.css: 1
[2015-11-09 13:08:17] EDIT Longboxes/static/css/style.css: 2
[2015-11-09 13:22:38] EDIT Longboxes/static/css/style.css: 0
[2015-11-09 16:15:22] EDIT Longboxes/static/css/style.css: 0
[2015-11-09 16:16:10] EDIT Longboxes/static/css/style.css: 0
[2015-11-09 16:16:43] EDIT Longboxes/static/css/style.css: 0
[2015-11-09 16:16:45] EDIT Longboxes/static/css/style.css: 0
[2015-11-09 16:17:17] EDIT Longboxes/static/css/style.css: 0
[2015-11-09 16:18:56] EDIT Longboxes/static/css/style.css: 1
[2015-11-09 16:22:02] EDIT Longboxes/static/css/style.css: 14
[2015-11-09 16:22:19] EDIT Longboxes/static/css/style.css: 0
[2015-11-09 16:23:21] EDIT Longboxes/static/css/style.css: 1
[2015-11-09 16:24:08] EDIT Longboxes/static/css/style.css: 0
[2015-11-09 16:24:26] EDIT Longboxes/static/css/style.css: 0
[2015-11-09 16:24:41] EDIT Longboxes/static/css/style.css: 1
[2015-11-09 16:25:11] EDIT Longboxes/static/css/style.css: 0
[2015-11-09 16:26:24] EDIT Longboxes/static/css/style.css: -1
[2015-11-09 16:28:01] EDIT Longboxes/views/default/index.html: 17
[2015-11-09 16:28:53] EDIT Longboxes/static/css/style.css: 0
[2015-11-09 16:29:36] EDIT Longboxes/static/css/style.css: 0
[2015-11-09 16:30:25] EDIT Longboxes/static/css/style.css: 1
[2015-11-09 16:31:04] EDIT Longboxes/static/css/style.css: -1
[2015-11-09 16:32:26] EDIT Longboxes/static/css/style.css: 1
[2015-11-09 16:32:47] EDIT Longboxes/static/css/style.css: -1
[2015-11-09 16:38:25] EDIT Longboxes/controllers/default.py: 1
[2015-11-09 16:39:12] EDIT Longboxes/views/default/index.html: 2
[2015-11-09 16:40:34] EDIT Longboxes/controllers/default.py: 0
[2015-11-09 16:40:40] EDIT Longboxes/controllers/default.py: 0
[2015-11-09 16:42:01] EDIT Longboxes/views/default/index.html: 0
[2015-11-09 16:43:11] EDIT Longboxes/static/css/style.css: 0
[2015-11-09 16:43:25] EDIT Longboxes/static/css/style.css: 0
[2015-11-09 16:43:48] EDIT Longboxes/static/css/style.css: 1
[2015-11-09 16:44:22] EDIT Longboxes/static/css/style.css: 1
[2015-11-09 16:44:41] EDIT Longboxes/static/css/style.css: 0
[2015-11-09 16:44:55] EDIT Longboxes/static/css/style.css: 0
[2015-11-09 16:45:06] EDIT Longboxes/static/css/style.css: 0
[2015-11-09 16:45:49] EDIT Longboxes/static/css/style.css: 1
[2015-11-09 16:46:00] EDIT Longboxes/static/css/style.css: 0
[2015-11-09 16:46:06] EDIT Longboxes/static/css/style.css: 1
[2015-11-09 16:46:17] EDIT Longboxes/static/css/style.css: 0
[2015-11-09 16:46:25] EDIT Longboxes/static/css/style.css: -1
[2015-11-09 16:46:38] EDIT Longboxes/static/css/style.css: 1
[2015-11-09 16:46:47] EDIT Longboxes/static/css/style.css: 1
[2015-11-09 16:46:58] EDIT Longboxes/static/css/style.css: 0
[2015-11-09 16:49:46] EDIT Longboxes/static/css/style.css: 1
[2015-11-09 16:50:05] EDIT Longboxes/static/css/style.css: 0
[2015-11-09 16:50:36] EDIT Longboxes/static/css/style.css: 1
[2015-11-09 16:50:44] EDIT Longboxes/static/css/style.css: 0
[2015-11-09 16:51:35] EDIT Longboxes/static/css/style.css: 1
[2015-11-09 16:52:35] EDIT Longboxes/static/css/style.css: 0
[2015-11-09 16:52:52] EDIT Longboxes/static/css/style.css: 0
[2015-11-09 16:53:34] EDIT Longboxes/static/css/style.css: 1
[2015-11-09 16:53:54] EDIT Longboxes/static/css/style.css: 1
[2015-11-09 16:54:17] EDIT Longboxes/static/css/style.css: -2
[2015-11-09 16:55:09] EDIT Longboxes/static/css/style.css: 0
[2015-11-09 16:55:49] EDIT Longboxes/static/css/style.css: -1
[2015-11-09 16:56:43] EDIT Longboxes/static/css/style.css: 2
[2015-11-09 16:57:01] EDIT Longboxes/static/css/style.css: 0
[2015-11-09 16:57:05] EDIT Longboxes/static/css/style.css: -2
[2015-11-09 16:57:26] EDIT Longboxes/static/css/style.css: -1
[2015-11-09 17:03:08] EDIT Longboxes/static/css/style.css: 5
[2015-11-09 18:13:13] EDIT Longboxes/static/css/style.css: 0
[2015-11-09 18:13:27] EDIT Longboxes/static/css/style.css: -1
[2015-11-09 18:13:48] EDIT Longboxes/static/css/style.css: 0
[2015-11-09 18:14:24] EDIT Longboxes/static/css/style.css: 0
[2015-11-09 18:14:52] EDIT Longboxes/static/css/style.css: 0
[2015-11-09 18:15:51] EDIT Longboxes/static/css/style.css: 1
[2015-11-09 18:16:15] EDIT Longboxes/static/css/style.css: 0
[2015-11-09 18:16:35] EDIT Longboxes/static/css/style.css: 0
[2015-11-09 18:17:02] EDIT Longboxes/static/css/style.css: 0
[2015-11-09 18:18:39] EDIT Longboxes/views/default/index.html: 2
[2015-11-09 18:18:52] EDIT Longboxes/views/default/index.html: 0
[2015-11-09 18:20:00] EDIT Longboxes/static/css/style.css: 3
[2015-11-09 18:20:15] EDIT Longboxes/static/css/style.css: 0
